<?xml version="1.0" encoding="UTF-8"?>
<!-- Generated by org.testng.reporters.JUnitReportReporter -->
<testsuite hostname="238navnath" failures="0" tests="1" name="dockerSelenium.GoogleSearchLocalSystem" time="11.005" errors="0" timestamp="2023-12-02T19:57:29 IST" skipped="0">
  <testcase classname="dockerSelenium.GoogleSearchLocalSystem" name="testGoogleSearch" time="11.005"/>
  <system-out/>
</testsuite> <!-- dockerSelenium.GoogleSearchLocalSystem -->
