<?xml version="1.0" encoding="UTF-8"?>
<!-- Generated by org.testng.reporters.JUnitReportReporter -->
<testsuite hostname="238navnath" failures="0" tests="3" name="dockerSelenium.GoogleSearch" time="254.685" errors="0" timestamp="2023-12-08T13:31:05 IST" skipped="0">
  <testcase classname="dockerSelenium.GoogleSearch" name="runnerDockerGrid" time="50.097"/>
  <system-out/>
  <testcase classname="dockerSelenium.GoogleSearch" name="testGoogleSearch" time="194.513"/>
  <system-out/>
  <testcase classname="dockerSelenium.GoogleSearch" name="stopDockerGrid" time="10.075"/>
  <system-out/>
</testsuite> <!-- dockerSelenium.GoogleSearch -->
