<?xml version="1.0" encoding="UTF-8"?>
<!-- Generated by org.testng.reporters.JUnitReportReporter -->
<testsuite hostname="238navnath" failures="0" tests="1" name="dockerSelenium.GoogleSearch" time="19.904" errors="0" timestamp="2023-12-02T18:50:51 IST" skipped="0">
  <testcase classname="dockerSelenium.GoogleSearch" name="testGoogleSearch" time="19.904"/>
  <system-out/>
</testsuite> <!-- dockerSelenium.GoogleSearch -->
