<?xml version="1.0" encoding="UTF-8"?>
<!-- Generated by org.testng.reporters.JUnitReportReporter -->
<testsuite hostname="238navnath" failures="0" tests="1" name="dockerSelenium.GoogleSearch" time="39.097" errors="0" timestamp="2023-12-03T00:47:16 IST" skipped="0">
  <testcase classname="dockerSelenium.GoogleSearch" name="testGoogleSearch" time="39.097"/>
  <system-out/>
</testsuite> <!-- dockerSelenium.GoogleSearch -->
